-------------------------------------------------------------------------------
Test set: com.sdet.RunTest
-------------------------------------------------------------------------------
Tests run: 6, Failures: 1, Errors: 0, Skipped: 0, Time elapsed: 4.714 s <<< FAILURE! - in com.sdet.RunTest
To verify API response time is not less than 3 seconds(To verify API which returns the USD rates against multiple currency.)  Time elapsed: 0.297 s  <<< FAILURE!
java.lang.AssertionError: 
1 expectation failed.
Expected response time was not a value greater than <3000L> milliseconds, was 157 milliseconds (157 milliseconds).

