-------------------------------------------------------------------------------
Test set: com.sdet.TestRunner
-------------------------------------------------------------------------------
Tests run: 6, Failures: 1, Errors: 0, Skipped: 0, Time elapsed: 6.719 s <<< FAILURE! - in com.sdet.TestRunner
To verify API response time is not less than 3 seconds(To verify API which returns the USD rates against multiple currency.)  Time elapsed: 0.396 s  <<< FAILURE!
java.lang.AssertionError: 
1 expectation failed.
Expected response time was not a value greater than <3000L> milliseconds, was 133 milliseconds (133 milliseconds).

