<?xml version="1.0" encoding="UTF-8"?>
<testsuite xmlns:xsi="http://www.w3.org/2001/XMLSchema-instance" xsi:noNamespaceSchemaLocation="https://maven.apache.org/surefire/maven-surefire-plugin/xsd/surefire-test-report-3.0.xsd" version="3.0" name="com.sdet.RunTest" time="4.714" tests="6" errors="0" skipped="0" failures="1">
  <properties>
[...]
</properties>
  <testcase name="To verify API call is successful and returns valid price" classname="To verify API which returns the USD rates against multiple currency." time="2.51"/>
  <testcase name="To Check the status code and status returned by the API response" classname="To verify API which returns the USD rates against multiple currency." time="0.217"/>
  <testcase name="To verify the USD price against the AED" classname="To verify API which returns the USD rates against multiple currency." time="0.235"/>
  <testcase name="To verify API response time is not less than 3 seconds" classname="To verify API which returns the USD rates against multiple currency." time="0.297">
    <failure message="1 expectation failed.&#10;Expected response time was not a value greater than &lt;3000L&gt; milliseconds, was 157 milliseconds (157 milliseconds)." type="java.lang.AssertionError"><![CDATA[java.lang.AssertionError: 
1 expectation failed.
Expected response time was not a value greater than <3000L> milliseconds, was 157 milliseconds (157 milliseconds).
]]></failure>
    <system-out><![CDATA[12-04-2024 12:12:14 INFO  Hooks:15 - *****************************************************************************************
12-04-2024 12:12:14 INFO  Hooks:16 - 	Scenario: To verify API response time is not less than 3 seconds
12-04-2024 12:12:14 INFO  Hooks:17 - *****************************************************************************************
12-04-2024 12:12:14 INFO  MultiCurrencyConversionStepDefinition:60 - time_last_update_utc : Fri, 12 Apr 2024 00:02:31 +0000
12-04-2024 12:12:14 INFO  MultiCurrencyConversionStepDefinition:61 - time_next_update_utc : Sat, 13 Apr 2024 00:11:41 +0000
]]></system-out>
  </testcase>
  <testcase name="To verify that 162 currency pairs are returned by the API" classname="To verify API which returns the USD rates against multiple currency." time="0.219"/>
  <testcase name="To verify API response matches the Json schema" classname="To verify API which returns the USD rates against multiple currency." time="0.891"/>
</testsuite>